<?xml version="1.0" encoding="UTF-8"?>
<testng-results skipped="0" failed="1" total="1" passed="0">
  <reporter-output>
  </reporter-output>
  <suite name="Default suite" duration-ms="20675" started-at="2018-09-10T08:22:52Z" finished-at="2018-09-10T08:23:13Z">
    <groups>
    </groups>
    <test name="Default test" duration-ms="20675" started-at="2018-09-10T08:22:52Z" finished-at="2018-09-10T08:23:13Z">
      <class name="com.guru.login.BankGuru">
        <test-method status="PASS" signature="beforeClass()[pri:0, instance:com.guru.login.BankGuru@7cdbc5d3]" name="beforeClass" is-config="true" duration-ms="14000" started-at="2018-09-10T15:22:52Z" finished-at="2018-09-10T15:23:06Z">
          <reporter-output>
          </reporter-output>
        </test-method> <!-- beforeClass -->
        <test-method status="FAIL" signature="TC01_NameCannotEmpty()[pri:0, instance:com.guru.login.BankGuru@7cdbc5d3]" name="TC01_NameCannotEmpty" duration-ms="5676" started-at="2018-09-10T15:23:06Z" finished-at="2018-09-10T15:23:12Z">
          <exception class="java.lang.ClassCastException">
            <message>
              <![CDATA[page.DashboardPage cannot be cast to page.NewCustomerPage]]>
            </message>
            <full-stacktrace>
              <![CDATA[java.lang.ClassCastException: page.DashboardPage cannot be cast to page.NewCustomerPage
	at page.BankGuruPage.goToNewCustomerPage(BankGuruPage.java:16)
	at com.guru.login.BankGuru.TC01_NameCannotEmpty(BankGuru.java:34)
	at sun.reflect.NativeMethodAccessorImpl.invoke0(Native Method)
	at sun.reflect.NativeMethodAccessorImpl.invoke(Unknown Source)
	at sun.reflect.DelegatingMethodAccessorImpl.invoke(Unknown Source)
	at java.lang.reflect.Method.invoke(Unknown Source)
	at org.testng.internal.MethodInvocationHelper.invokeMethod(MethodInvocationHelper.java:85)
	at org.testng.internal.Invoker.invokeMethod(Invoker.java:639)
	at org.testng.internal.Invoker.invokeTestMethod(Invoker.java:816)
	at org.testng.internal.Invoker.invokeTestMethods(Invoker.java:1124)
	at org.testng.internal.TestMethodWorker.invokeTestMethods(TestMethodWorker.java:125)
	at org.testng.internal.TestMethodWorker.run(TestMethodWorker.java:108)
	at org.testng.TestRunner.privateRun(TestRunner.java:774)
	at org.testng.TestRunner.run(TestRunner.java:624)
	at org.testng.SuiteRunner.runTest(SuiteRunner.java:359)
	at org.testng.SuiteRunner.runSequentially(SuiteRunner.java:354)
	at org.testng.SuiteRunner.privateRun(SuiteRunner.java:312)
	at org.testng.SuiteRunner.run(SuiteRunner.java:261)
	at org.testng.SuiteRunnerWorker.runSuite(SuiteRunnerWorker.java:52)
	at org.testng.SuiteRunnerWorker.run(SuiteRunnerWorker.java:86)
	at org.testng.TestNG.runSuitesSequentially(TestNG.java:1215)
	at org.testng.TestNG.runSuitesLocally(TestNG.java:1140)
	at org.testng.TestNG.run(TestNG.java:1048)
	at org.testng.remote.RemoteTestNG.run(RemoteTestNG.java:112)
	at org.testng.remote.RemoteTestNG.initAndRun(RemoteTestNG.java:205)
	at org.testng.remote.RemoteTestNG.main(RemoteTestNG.java:176)
]]>
            </full-stacktrace>
          </exception> <!-- java.lang.ClassCastException -->
          <reporter-output>
          </reporter-output>
        </test-method> <!-- TC01_NameCannotEmpty -->
        <test-method status="PASS" signature="afterClass()[pri:0, instance:com.guru.login.BankGuru@7cdbc5d3]" name="afterClass" is-config="true" duration-ms="988" started-at="2018-09-10T15:23:12Z" finished-at="2018-09-10T15:23:13Z">
          <reporter-output>
          </reporter-output>
        </test-method> <!-- afterClass -->
      </class> <!-- com.guru.login.BankGuru -->
    </test> <!-- Default test -->
  </suite> <!-- Default suite -->
</testng-results>
